<?xml version="1.0" encoding="UTF-8"?>
<testsuite xmlns:xsi="http://www.w3.org/2001/XMLSchema-instance" xsi:noNamespaceSchemaLocation="https://maven.apache.org/surefire/maven-surefire-plugin/xsd/surefire-test-report-3.0.xsd" version="3.0" name="com.todoly.unitTest.CalculatorUnitTest" time="0.101" tests="5" errors="0" skipped="0" failures="0">
  <properties>
[...]
</properties>
  <testcase name="testDivideByZero" classname="com.todoly.unitTest.CalculatorUnitTest" time="0.035">
    <system-out><![CDATA[Unit test autor: Alberto Mamani

Before each test
Test division by zero completed
After each test
---------------------------------------------------
]]></system-out>
  </testcase>
  <testcase name="testAdd" classname="com.todoly.unitTest.CalculatorUnitTest" time="0.003">
    <system-out><![CDATA[Before each test
Test addition completed
After each test
---------------------------------------------------
]]></system-out>
  </testcase>
  <testcase name="testSubtract" classname="com.todoly.unitTest.CalculatorUnitTest" time="0.002">
    <system-out><![CDATA[Before each test
Test subtraction completed
After each test
---------------------------------------------------
]]></system-out>
  </testcase>
  <testcase name="testDivide" classname="com.todoly.unitTest.CalculatorUnitTest" time="0.003">
    <system-out><![CDATA[Before each test
Test division completed
After each test
---------------------------------------------------
]]></system-out>
  </testcase>
  <testcase name="testMultiply" classname="com.todoly.unitTest.CalculatorUnitTest" time="0.002">
    <system-out><![CDATA[Before each test
Test multiplication completed
After each test
---------------------------------------------------
]]></system-out>
  </testcase>
</testsuite>