<?xml version="1.0" encoding="UTF-8"?>
<testsuite xmlns:xsi="http://www.w3.org/2001/XMLSchema-instance" xsi:noNamespaceSchemaLocation="https://maven.apache.org/surefire/maven-surefire-plugin/xsd/surefire-test-report-3.0.xsd" version="3.0" name="com.todoly.tests.UserTest" time="6.321" tests="4" errors="0" skipped="0" failures="0">
  <properties>
[...]
</properties>
  <testcase name="createUserTest" classname="com.todoly.tests.UserTest" time="3.137">
    <system-out><![CDATA[USER ID: 831707
]]></system-out>
    <system-err><![CDATA[SLF4J(W): No SLF4J providers were found.
SLF4J(W): Defaulting to no-operation (NOP) logger implementation
SLF4J(W): See https://www.slf4j.org/codes.html#noProviders for further details.
]]></system-err>
  </testcase>
  <testcase name="getUserTest" classname="com.todoly.tests.UserTest" time="1.078"/>
  <testcase name="updateUserTest" classname="com.todoly.tests.UserTest" time="0.662"/>
  <testcase name="deleteUserTest" classname="com.todoly.tests.UserTest" time="0.798"/>
</testsuite>